<?xml version="1.0" encoding="UTF-8"?>
<testsuite xmlns:xsi="http://www.w3.org/2001/XMLSchema-instance" xsi:noNamespaceSchemaLocation="https://maven.apache.org/surefire/maven-surefire-plugin/xsd/surefire-test-report-3.0.xsd" version="3.0" name="com.meetingscheduler.algorithm.ScheduleOptimizerTest" time="0.245" tests="2" errors="0" skipped="0" failures="0">
  <properties>
[...]
</properties>
  <testcase name="optimizeSchedule_skipsMeetingIfNoSlotBeforeDeadline" classname="com.meetingscheduler.algorithm.ScheduleOptimizerTest" time="0.07">
    <system-out><![CDATA[16:55:31.481 [main] INFO com.meetingscheduler.algorithm.ScheduleOptimizer -- 
================================================================================
16:55:31.484 [main] INFO com.meetingscheduler.algorithm.ScheduleOptimizer -- ? SCHEDULE OPTIMIZATION STARTED
16:55:31.485 [main] INFO com.meetingscheduler.algorithm.ScheduleOptimizer -- ================================================================================
16:55:31.485 [main] INFO com.meetingscheduler.algorithm.ScheduleOptimizer -- ? INPUT PARAMETERS:
16:55:31.485 [main] INFO com.meetingscheduler.algorithm.ScheduleOptimizer --    • Meetings to schedule: 1
16:55:31.487 [main] INFO com.meetingscheduler.algorithm.ScheduleOptimizer --    • Availability slots: 1
16:55:31.488 [main] INFO com.meetingscheduler.algorithm.ScheduleOptimizer -- 
16:55:31.489 [main] INFO com.meetingscheduler.algorithm.ScheduleOptimizer -- ? MEETINGS TO SCHEDULE:
16:55:31.489 [main] INFO com.meetingscheduler.algorithm.ScheduleOptimizer --       ? SCORE CALCULATION for 'Expired Window':
16:55:31.490 [main] INFO com.meetingscheduler.algorithm.ScheduleOptimizer --          ? Priority: 8/10 ? Score: 0.800 × Weight: 60% = 0.480
16:55:31.490 [main] INFO com.meetingscheduler.algorithm.ScheduleOptimizer --          ? Deadline: 2026-04-23T07:00 (14 hours away) ? Score: 0.942 × Weight: 30% = 0.283
16:55:31.491 [main] INFO com.meetingscheduler.algorithm.ScheduleOptimizer --          ??  Duration: 60 min ? Score: 0.750 × Weight: 10% = 0.075
16:55:31.491 [main] INFO com.meetingscheduler.algorithm.ScheduleOptimizer --          ????????????????????????????????????????????????????????
16:55:31.491 [main] INFO com.meetingscheduler.algorithm.ScheduleOptimizer --          ? TOTAL SCORE: 0.837
16:55:31.491 [main] INFO com.meetingscheduler.algorithm.ScheduleOptimizer -- 
16:55:31.491 [main] INFO com.meetingscheduler.algorithm.ScheduleOptimizer --    1. Expired Window
16:55:31.491 [main] INFO com.meetingscheduler.algorithm.ScheduleOptimizer --       Priority: 8/10 | Duration: 60 min | Deadline: 2026-04-23T07:00 | Score: {:.3f}
16:55:31.491 [main] INFO com.meetingscheduler.algorithm.ScheduleOptimizer -- 
⏰ AVAILABILITY SLOTS:
   1. 2026-04-23T09:00 → 2026-04-23T11:00 (2 hours)

📊 CALCULATING SCORES FOR ALL MEETINGS:
--------------------------------------------------------------------------------
16:55:31.493 [main] INFO com.meetingscheduler.algorithm.ScheduleOptimizer --       ? SCORE CALCULATION for 'Expired Window':
16:55:31.493 [main] INFO com.meetingscheduler.algorithm.ScheduleOptimizer --          ? Priority: 8/10 ? Score: 0.800 × Weight: 60% = 0.480
16:55:31.493 [main] INFO com.meetingscheduler.algorithm.ScheduleOptimizer --          ? Deadline: 2026-04-23T07:00 (14 hours away) ? Score: 0.942 × Weight: 30% = 0.283
16:55:31.493 [main] INFO com.meetingscheduler.algorithm.ScheduleOptimizer --          ??  Duration: 60 min ? Score: 0.750 × Weight: 10% = 0.075
16:55:31.493 [main] INFO com.meetingscheduler.algorithm.ScheduleOptimizer --          ????????????????????????????????????????????????????????
16:55:31.494 [main] INFO com.meetingscheduler.algorithm.ScheduleOptimizer --          ? TOTAL SCORE: 0.837
16:55:31.494 [main] INFO com.meetingscheduler.algorithm.ScheduleOptimizer -- 

16:55:31.494 [main] INFO com.meetingscheduler.algorithm.ScheduleOptimizer -- ? MEETINGS SORTED BY PRIORITY (HIGHEST SCORE FIRST - WILL BE SCHEDULED IN THIS ORDER):
16:55:31.494 [main] INFO com.meetingscheduler.algorithm.ScheduleOptimizer -- --------------------------------------------------------------------------------
16:55:31.494 [main] INFO com.meetingscheduler.algorithm.ScheduleOptimizer --    ? #1: Expired Window
16:55:31.494 [main] INFO com.meetingscheduler.algorithm.ScheduleOptimizer --       Priority: 8/10 | Deadline: 2026-04-23T07:00 | Duration: 60 min | TOTAL SCORE: 0.837
16:55:31.495 [main] INFO com.meetingscheduler.algorithm.ScheduleOptimizer -- 
📅 SCHEDULING PROCESS:
--------------------------------------------------------------------------------

[1/1] Processing: Expired Window
   Priority: 8 | Duration: 60 min | Deadline: 2026-04-23T07:00
   🔍 Searching for best time slot...
   📍 Checking availability slot 1/1: 2026-04-23T09:00 → 2026-04-23T11:00
      ⏰ Slot 2026-04-23T09:00 → 2026-04-23T10:00: ❌ Ends after deadline (2026-04-23T07:00)
   📊 Slot search complete: Checked 1 slots, Found 0 conflicts
   ❌ NO SUITABLE SLOT FOUND
   ❌ FAILED: Could not find suitable time slot

================================================================================
✅ OPTIMIZATION COMPLETED
================================================================================
📊 RESULTS SUMMARY:
   • Successfully scheduled: 0/1 meetings
   • Overall optimization score (average): 0.000

16:55:31.502 [main] INFO com.meetingscheduler.algorithm.ScheduleOptimizer -- ? INDIVIDUAL MEETING SCORES (as calculated by algorithm):
16:55:31.503 [main] INFO com.meetingscheduler.algorithm.ScheduleOptimizer -- --------------------------------------------------------------------------------
16:55:31.503 [main] INFO com.meetingscheduler.algorithm.ScheduleOptimizer -- --------------------------------------------------------------------------------
16:55:31.503 [main] INFO com.meetingscheduler.algorithm.ScheduleOptimizer -- 
================================================================================

]]></system-out>
  </testcase>
  <testcase name="optimizeSchedule_schedulesHigherPriorityMeetingFirstWhenInputsAreEqual" classname="com.meetingscheduler.algorithm.ScheduleOptimizerTest" time="0.019">
    <system-out><![CDATA[16:55:31.526 [main] INFO com.meetingscheduler.algorithm.ScheduleOptimizer -- 
================================================================================
16:55:31.526 [main] INFO com.meetingscheduler.algorithm.ScheduleOptimizer -- ? SCHEDULE OPTIMIZATION STARTED
16:55:31.526 [main] INFO com.meetingscheduler.algorithm.ScheduleOptimizer -- ================================================================================
16:55:31.526 [main] INFO com.meetingscheduler.algorithm.ScheduleOptimizer -- ? INPUT PARAMETERS:
16:55:31.527 [main] INFO com.meetingscheduler.algorithm.ScheduleOptimizer --    • Meetings to schedule: 2
16:55:31.527 [main] INFO com.meetingscheduler.algorithm.ScheduleOptimizer --    • Availability slots: 1
16:55:31.527 [main] INFO com.meetingscheduler.algorithm.ScheduleOptimizer -- 
16:55:31.527 [main] INFO com.meetingscheduler.algorithm.ScheduleOptimizer -- ? MEETINGS TO SCHEDULE:
16:55:31.527 [main] INFO com.meetingscheduler.algorithm.ScheduleOptimizer --       ? SCORE CALCULATION for 'Low Priority':
16:55:31.527 [main] INFO com.meetingscheduler.algorithm.ScheduleOptimizer --          ? Priority: 3/10 ? Score: 0.300 × Weight: 60% = 0.180
16:55:31.528 [main] INFO com.meetingscheduler.algorithm.ScheduleOptimizer --          ? Deadline: 2026-04-24T09:00 (40 hours away) ? Score: 0.856 × Weight: 30% = 0.257
16:55:31.528 [main] INFO com.meetingscheduler.algorithm.ScheduleOptimizer --          ??  Duration: 60 min ? Score: 0.750 × Weight: 10% = 0.075
16:55:31.529 [main] INFO com.meetingscheduler.algorithm.ScheduleOptimizer --          ????????????????????????????????????????????????????????
16:55:31.529 [main] INFO com.meetingscheduler.algorithm.ScheduleOptimizer --          ? TOTAL SCORE: 0.512
16:55:31.529 [main] INFO com.meetingscheduler.algorithm.ScheduleOptimizer -- 
16:55:31.529 [main] INFO com.meetingscheduler.algorithm.ScheduleOptimizer --    1. Low Priority
16:55:31.529 [main] INFO com.meetingscheduler.algorithm.ScheduleOptimizer --       Priority: 3/10 | Duration: 60 min | Deadline: 2026-04-24T09:00 | Score: {:.3f}
16:55:31.530 [main] INFO com.meetingscheduler.algorithm.ScheduleOptimizer --       ? SCORE CALCULATION for 'High Priority':
16:55:31.530 [main] INFO com.meetingscheduler.algorithm.ScheduleOptimizer --          ? Priority: 10/10 ? Score: 1.000 × Weight: 60% = 0.600
16:55:31.530 [main] INFO com.meetingscheduler.algorithm.ScheduleOptimizer --          ? Deadline: 2026-04-24T09:00 (40 hours away) ? Score: 0.856 × Weight: 30% = 0.257
16:55:31.530 [main] INFO com.meetingscheduler.algorithm.ScheduleOptimizer --          ??  Duration: 60 min ? Score: 0.750 × Weight: 10% = 0.075
16:55:31.530 [main] INFO com.meetingscheduler.algorithm.ScheduleOptimizer --          ????????????????????????????????????????????????????????
16:55:31.531 [main] INFO com.meetingscheduler.algorithm.ScheduleOptimizer --          ? TOTAL SCORE: 0.932
16:55:31.531 [main] INFO com.meetingscheduler.algorithm.ScheduleOptimizer -- 
16:55:31.531 [main] INFO com.meetingscheduler.algorithm.ScheduleOptimizer --    2. High Priority
16:55:31.531 [main] INFO com.meetingscheduler.algorithm.ScheduleOptimizer --       Priority: 10/10 | Duration: 60 min | Deadline: 2026-04-24T09:00 | Score: {:.3f}
16:55:31.531 [main] INFO com.meetingscheduler.algorithm.ScheduleOptimizer -- 
⏰ AVAILABILITY SLOTS:
   1. 2026-04-23T09:00 → 2026-04-23T12:00 (3 hours)

📊 CALCULATING SCORES FOR ALL MEETINGS:
--------------------------------------------------------------------------------
16:55:31.531 [main] INFO com.meetingscheduler.algorithm.ScheduleOptimizer --       ? SCORE CALCULATION for 'Low Priority':
16:55:31.531 [main] INFO com.meetingscheduler.algorithm.ScheduleOptimizer --          ? Priority: 3/10 ? Score: 0.300 × Weight: 60% = 0.180
16:55:31.531 [main] INFO com.meetingscheduler.algorithm.ScheduleOptimizer --          ? Deadline: 2026-04-24T09:00 (40 hours away) ? Score: 0.856 × Weight: 30% = 0.257
16:55:31.531 [main] INFO com.meetingscheduler.algorithm.ScheduleOptimizer --          ??  Duration: 60 min ? Score: 0.750 × Weight: 10% = 0.075
16:55:31.531 [main] INFO com.meetingscheduler.algorithm.ScheduleOptimizer --          ????????????????????????????????????????????????????????
16:55:31.531 [main] INFO com.meetingscheduler.algorithm.ScheduleOptimizer --          ? TOTAL SCORE: 0.512
16:55:31.531 [main] INFO com.meetingscheduler.algorithm.ScheduleOptimizer -- 
16:55:31.531 [main] INFO com.meetingscheduler.algorithm.ScheduleOptimizer --       ? SCORE CALCULATION for 'High Priority':
16:55:31.532 [main] INFO com.meetingscheduler.algorithm.ScheduleOptimizer --          ? Priority: 10/10 ? Score: 1.000 × Weight: 60% = 0.600
16:55:31.532 [main] INFO com.meetingscheduler.algorithm.ScheduleOptimizer --          ? Deadline: 2026-04-24T09:00 (40 hours away) ? Score: 0.856 × Weight: 30% = 0.257
16:55:31.532 [main] INFO com.meetingscheduler.algorithm.ScheduleOptimizer --          ??  Duration: 60 min ? Score: 0.750 × Weight: 10% = 0.075
16:55:31.532 [main] INFO com.meetingscheduler.algorithm.ScheduleOptimizer --          ????????????????????????????????????????????????????????
16:55:31.532 [main] INFO com.meetingscheduler.algorithm.ScheduleOptimizer --          ? TOTAL SCORE: 0.932
16:55:31.532 [main] INFO com.meetingscheduler.algorithm.ScheduleOptimizer -- 

16:55:31.532 [main] INFO com.meetingscheduler.algorithm.ScheduleOptimizer -- ? MEETINGS SORTED BY PRIORITY (HIGHEST SCORE FIRST - WILL BE SCHEDULED IN THIS ORDER):
16:55:31.532 [main] INFO com.meetingscheduler.algorithm.ScheduleOptimizer -- --------------------------------------------------------------------------------
16:55:31.532 [main] INFO com.meetingscheduler.algorithm.ScheduleOptimizer --    ? #1: High Priority
16:55:31.532 [main] INFO com.meetingscheduler.algorithm.ScheduleOptimizer --       Priority: 10/10 | Deadline: 2026-04-24T09:00 | Duration: 60 min | TOTAL SCORE: 0.932
16:55:31.533 [main] INFO com.meetingscheduler.algorithm.ScheduleOptimizer --    ? #2: Low Priority
16:55:31.533 [main] INFO com.meetingscheduler.algorithm.ScheduleOptimizer --       Priority: 3/10 | Deadline: 2026-04-24T09:00 | Duration: 60 min | TOTAL SCORE: 0.512
16:55:31.533 [main] INFO com.meetingscheduler.algorithm.ScheduleOptimizer -- 
📅 SCHEDULING PROCESS:
--------------------------------------------------------------------------------

[1/2] Processing: High Priority
   Priority: 10 | Duration: 60 min | Deadline: 2026-04-24T09:00
   🔍 Searching for best time slot...
   📍 Checking availability slot 1/1: 2026-04-23T09:00 → 2026-04-23T12:00
      ✅ Slot 2026-04-23T09:00 → 2026-04-23T10:00: Available (Score: 0.945)
         Breakdown: Priority=0.600, Deadline=0.257, Duration=0.075
         ⭐ NEW BEST SLOT! (Previous best: 0.945)
      ✅ Slot 2026-04-23T09:15 → 2026-04-23T10:15: Available (Score: 0.946)
         Breakdown: Priority=0.600, Deadline=0.259, Duration=0.075
         ⭐ NEW BEST SLOT! (Previous best: 0.946)
      ✅ Slot 2026-04-23T09:30 → 2026-04-23T10:30: Available (Score: 0.946)
         Breakdown: Priority=0.600, Deadline=0.259, Duration=0.075
      ✅ Slot 2026-04-23T09:45 → 2026-04-23T10:45: Available (Score: 0.946)
         Breakdown: Priority=0.600, Deadline=0.259, Duration=0.075
      ✅ Slot 2026-04-23T10:00 → 2026-04-23T11:00: Available (Score: 0.946)
         Breakdown: Priority=0.600, Deadline=0.259, Duration=0.075
      ✅ Slot 2026-04-23T10:15 → 2026-04-23T11:15: Available (Score: 0.948)
         Breakdown: Priority=0.600, Deadline=0.261, Duration=0.075
         ⭐ NEW BEST SLOT! (Previous best: 0.948)
      ✅ Slot 2026-04-23T10:30 → 2026-04-23T11:30: Available (Score: 0.948)
         Breakdown: Priority=0.600, Deadline=0.261, Duration=0.075
      ✅ Slot 2026-04-23T10:45 → 2026-04-23T11:45: Available (Score: 0.948)
         Breakdown: Priority=0.600, Deadline=0.261, Duration=0.075
      ✅ Slot 2026-04-23T11:00 → 2026-04-23T12:00: Available (Score: 0.948)
         Breakdown: Priority=0.600, Deadline=0.261, Duration=0.075
   📊 Slot search complete: Checked 9 slots, Found 0 conflicts
   🎯 BEST SLOT SELECTED: 2026-04-23T10:15 → 2026-04-23T11:15 (Final Score: 0.948)
16:55:31.540 [main] INFO com.meetingscheduler.algorithm.ScheduleOptimizer --    ? SCHEDULED: 2026-04-23T10:15 ? 2026-04-23T11:15
16:55:31.540 [main] INFO com.meetingscheduler.algorithm.ScheduleOptimizer --    ? MEETING SCORE: 0.948 (Priority: 10, Deadline: 2026-04-24T09:00, Duration: 60 min)

[2/2] Processing: Low Priority
   Priority: 3 | Duration: 60 min | Deadline: 2026-04-24T09:00
   🔍 Searching for best time slot...
   📍 Checking availability slot 1/1: 2026-04-23T09:00 → 2026-04-23T12:00
      ✅ Slot 2026-04-23T09:00 → 2026-04-23T10:00: Available (Score: 0.525)
         Breakdown: Priority=0.180, Deadline=0.257, Duration=0.075
         ⭐ NEW BEST SLOT! (Previous best: 0.525)
      ⚠️  Slot 2026-04-23T09:15 → 2026-04-23T10:15: Conflict with existing meeting
      ⚠️  Slot 2026-04-23T09:30 → 2026-04-23T10:30: Conflict with existing meeting
      ⚠️  Slot 2026-04-23T09:45 → 2026-04-23T10:45: Conflict with existing meeting
      ⚠️  Slot 2026-04-23T10:00 → 2026-04-23T11:00: Conflict with existing meeting
      ⚠️  Slot 2026-04-23T10:15 → 2026-04-23T11:15: Conflict with existing meeting
      ⚠️  Slot 2026-04-23T10:30 → 2026-04-23T11:30: Conflict with existing meeting
      ⚠️  Slot 2026-04-23T10:45 → 2026-04-23T11:45: Conflict with existing meeting
      ⚠️  Slot 2026-04-23T11:00 → 2026-04-23T12:00: Conflict with existing meeting
   📊 Slot search complete: Checked 9 slots, Found 8 conflicts
   🎯 BEST SLOT SELECTED: 2026-04-23T09:00 → 2026-04-23T10:00 (Final Score: 0.525)
16:55:31.542 [main] INFO com.meetingscheduler.algorithm.ScheduleOptimizer --    ? SCHEDULED: 2026-04-23T09:00 ? 2026-04-23T10:00
16:55:31.542 [main] INFO com.meetingscheduler.algorithm.ScheduleOptimizer --    ? MEETING SCORE: 0.525 (Priority: 3, Deadline: 2026-04-24T09:00, Duration: 60 min)

================================================================================
✅ OPTIMIZATION COMPLETED
================================================================================
📊 RESULTS SUMMARY:
   • Successfully scheduled: 2/2 meetings
   • Overall optimization score (average): 0.736

16:55:31.543 [main] INFO com.meetingscheduler.algorithm.ScheduleOptimizer -- ? INDIVIDUAL MEETING SCORES (as calculated by algorithm):
16:55:31.543 [main] INFO com.meetingscheduler.algorithm.ScheduleOptimizer -- --------------------------------------------------------------------------------
16:55:31.543 [main] INFO com.meetingscheduler.algorithm.ScheduleOptimizer --    #1: High Priority
16:55:31.543 [main] INFO com.meetingscheduler.algorithm.ScheduleOptimizer --         Score: 0.948 | Priority: 10/10 | Duration: 60 min
16:55:31.543 [main] INFO com.meetingscheduler.algorithm.ScheduleOptimizer --    #2: Low Priority
16:55:31.543 [main] INFO com.meetingscheduler.algorithm.ScheduleOptimizer --         Score: 0.525 | Priority: 3/10 | Duration: 60 min
16:55:31.543 [main] INFO com.meetingscheduler.algorithm.ScheduleOptimizer -- --------------------------------------------------------------------------------
16:55:31.543 [main] INFO com.meetingscheduler.algorithm.ScheduleOptimizer -- 
📅 FINAL SCHEDULE WITH SCORES:
--------------------------------------------------------------------------------
   🥇 #1: High Priority
      ⏰ Time: 2026-04-23T10:15 → 2026-04-23T11:15
      📊 SCORE: 0.948
      📋 Details: Priority=10/10 | Duration=60 min | Deadline=2026-04-24T09:00

   🥇 #2: Low Priority
      ⏰ Time: 2026-04-23T09:00 → 2026-04-23T10:00
      📊 SCORE: 0.525
      📋 Details: Priority=3/10 | Duration=60 min | Deadline=2026-04-24T09:00

================================================================================

]]></system-out>
  </testcase>
</testsuite>